#
# A fatal error has been detected by the Java Runtime Environment:
#
#  EXCEPTION_ACCESS_VIOLATION (0xc0000005) at pc=0x00000000539b53eb, pid=6072, tid=0x0000000000003528
#
# JRE version: Java(TM) SE Runtime Environment (8.0_212-b10) (build 1.8.0_212-b10)
# Java VM: Java HotSpot(TM) 64-Bit Server VM (25.212-b10 mixed mode windows-amd64 compressed oops)
# Problematic frame:
# V  [jvm.dll+0x1153eb]
#
# Failed to write core dump. Minidumps are not enabled by default on client versions of Windows
#
# If you would like to submit a bug report, please visit:
#   http://bugreport.java.com/bugreport/crash.jsp
#

---------------  T H R E A D  ---------------

Current thread (0x0000000003483800):  GCTaskThread [stack: 0x00000000131e0000,0x00000000132e0000] [id=13608]

siginfo: ExceptionCode=0xc0000005, reading address 0x0000000000000008

Registers:
RAX=0x00000000133e0000, RBX=0x00000000817e1310, RCX=0x0000000000000003, RDX=0x0000000000000001
RSP=0x00000000132dfc30, RBP=0x0000000081a3b7a0, RSI=0x000000001af97060, RDI=0x0000000003556a00
R8 =0x0000000000000000, R9 =0x00000001004a7440, R10=0x000000000000000c, R11=0x0000000053ea7728
R12=0x0000000081a3b7a4, R13=0x00000001004a7630, R14=0x00000001004a7638, R15=0x0000000081a3b790
RIP=0x00000000539b53eb, EFLAGS=0x0000000000010246

Top of Stack: (sp=0x00000000132dfc30)
0x00000000132dfc30:   00000001004a7440 0000242100000219
0x00000000132dfc40:   0000000003483ea0 0000000003483e90
0x00000000132dfc50:   0000000003483ea0 0000000003483e90
0x00000000132dfc60:   0000000003476a10 0000000000000002
0x00000000132dfc70:   0000000003556a00 0000000053c99207
0x00000000132dfc80:   000024210000021a 0000000000000000
0x00000000132dfc90:   000000001af97060 0000000053efafb8
0x00000000132dfca0:   00000000817f3c28 0000000000001000
0x00000000132dfcb0:   000000001af97060 0000000053c9670e
0x00000000132dfcc0:   000000000cf4075b 0000000003483800
0x00000000132dfcd0:   0000000000000000 0000000081a3b790
0x00000000132dfce0:   0000000003483800 0000000003476a50
0x00000000132dfcf0:   0000000003484280 0000000003484290
0x00000000132dfd00:   0000000003484368 00000000000000d8
0x00000000132dfd10:   00000000132dfd18 0000000003483800
0x00000000132dfd20:   0000000003476a50 0000000003484280 

Instructions: (pc=0x00000000539b53eb)
0x00000000539b53cb:   70 00 84 d2 74 16 44 8b 43 08 8b 0d 8d 44 69 00
0x00000000539b53db:   49 d3 e0 4c 03 05 7b 44 69 00 eb 04 4c 8b 43 08
0x00000000539b53eb:   45 8b 48 08 45 85 c9 7e 0c 41 f6 c1 01 75 4b 41
0x00000000539b53fb:   c1 f9 03 eb 57 79 43 84 d2 41 8b c9 b8 10 00 00 


Register to memory mapping:

RAX=0x00000000133e0000 is an unknown value
RBX=
[error occurred during error reporting (printing register info), id 0xc0000005]

Stack: [0x00000000131e0000,0x00000000132e0000],  sp=0x00000000132dfc30,  free space=1023k
Native frames: (J=compiled Java code, j=interpreted, Vv=VM code, C=native code)
V  [jvm.dll+0x1153eb]
V  [jvm.dll+0x3f9207]
V  [jvm.dll+0x3f670e]
V  [jvm.dll+0x29fc6a]
C  [msvcr100.dll+0x21d9f]
C  [msvcr100.dll+0x21e3b]
C  [KERNEL32.DLL+0x8364]
C  [ntdll.dll+0x65e91]


---------------  P R O C E S S  ---------------

Java Threads: ( => current thread )
  0x000000001d1bb000 JavaThread "Thread-331" [_thread_blocked, id=11288, stack(0x000000004b160000,0x000000004b260000)]
  0x000000001fc3e800 JavaThread "DestroyJavaVM" [_thread_blocked, id=688, stack(0x0000000003280000,0x0000000003380000)]
  0x0000000019af8800 JavaThread "Service Thread" daemon [_thread_blocked, id=8256, stack(0x0000000019ec0000,0x0000000019fc0000)]
  0x000000001819f000 JavaThread "C1 CompilerThread2" daemon [_thread_blocked, id=12904, stack(0x00000000199c0000,0x0000000019ac0000)]
  0x0000000018198000 JavaThread "C2 CompilerThread1" daemon [_thread_blocked, id=12616, stack(0x00000000198c0000,0x00000000199c0000)]
  0x0000000018195800 JavaThread "C2 CompilerThread0" daemon [_thread_blocked, id=13660, stack(0x00000000197c0000,0x00000000198c0000)]
  0x0000000018194800 JavaThread "Attach Listener" daemon [_thread_blocked, id=8228, stack(0x00000000196c0000,0x00000000197c0000)]
  0x0000000018191800 JavaThread "Signal Dispatcher" daemon [_thread_blocked, id=7556, stack(0x00000000195c0000,0x00000000196c0000)]
  0x000000000355e000 JavaThread "Finalizer" daemon [_thread_blocked, id=8532, stack(0x00000000193d0000,0x00000000194d0000)]
  0x0000000018169000 JavaThread "Reference Handler" daemon [_thread_blocked, id=8400, stack(0x00000000192d0000,0x00000000193d0000)]

Other Threads:
  0x0000000018147800 VMThread [stack: 0x00000000191d0000,0x00000000192d0000] [id=4088]
  0x00000000181dd800 WatcherThread [stack: 0x0000000019fc0000,0x000000001a0c0000] [id=13316]

=>0x0000000003483800 (exited) GCTaskThread [stack: 0x00000000131e0000,0x00000000132e0000] [id=13608]

VM state:at safepoint (normal execution)

VM Mutex/Monitor currently owned by a thread:  ([mutex/lock_event])
[0x00000000034675a0] Threads_lock - owner thread: 0x0000000018147800
[0x0000000003466da0] Heap_lock - owner thread: 0x000000001d1bb000

heap address: 0x0000000080000000, size: 2048 MB, Compressed Oops mode: 32-bit
Narrow klass base: 0x0000000000000000, Narrow klass shift: 3
Compressed class space size: 1073741824 Address: 0x0000000100000000

Heap:
 PSYoungGen      total 569344K, used 3207K [0x00000000d5580000, 0x0000000100000000, 0x0000000100000000)
  eden space 548864K, 0% used [0x00000000d5580000,0x00000000d5580000,0x00000000f6d80000)
  from space 20480K, 15% used [0x00000000f6d80000,0x00000000f70a1dc0,0x00000000f8180000)
  to   space 19968K, 0% used [0x00000000fec80000,0x00000000fec80000,0x0000000100000000)
 ParOldGen       total 77824K, used 33621K [0x0000000080000000, 0x0000000084c00000, 0x00000000d5580000)
  object space 77824K, 43% used [0x0000000080000000,0x00000000820d55c8,0x0000000084c00000)
 Metaspace       used 56997K, capacity 59822K, committed 60072K, reserved 1101824K
  class space    used 7570K, capacity 8094K, committed 8112K, reserved 1048576K

Card table byte_map: [0x0000000012920000,0x0000000012d30000] byte_map_base: 0x0000000012520000

Marking Bits: (ParMarkBitMap*) 0x00000000540c5ce0
 Begin Bits: [0x00000000133e0000, 0x00000000153e0000)
 End Bits:   [0x00000000153e0000, 0x00000000173e0000)

Polling page: 0x0000000001290000

CodeCache: size=245760Kb used=22421Kb max_used=22617Kb free=223338Kb
 bounds [0x0000000003560000, 0x0000000004ba0000, 0x0000000012560000]
 total_blobs=6249 nmethods=5725 adapters=436
 compilation: enabled

Compilation events (10 events):
Event: 686.078 Thread 0x000000001819f000 nmethod 6824 0x0000000003b06a10 code [0x0000000003b06ba0, 0x0000000003b07008]
Event: 686.078 Thread 0x000000001819f000 6828       3       com.sun.jmx.interceptor.DefaultMBeanServerInterceptor::getResource (19 bytes)
Event: 686.078 Thread 0x0000000018198000 6826       4       com.netflix.servo.tag.SmallTagMap$SmallTagIterator::hasNext (21 bytes)
Event: 686.078 Thread 0x000000001819f000 nmethod 6828 0x00000000036e9690 code [0x00000000036e9800, 0x00000000036e9c50]
Event: 686.079 Thread 0x000000001819f000 6829       3       com.sun.jmx.interceptor.DefaultMBeanServerInterceptor$ResourceContext$1::done (1 bytes)
Event: 686.079 Thread 0x000000001819f000 nmethod 6829 0x0000000003a03bd0 code [0x0000000003a03d20, 0x0000000003a03e70]
Event: 686.080 Thread 0x0000000018198000 nmethod 6826 0x00000000039add50 code [0x00000000039ade80, 0x00000000039adf18]
Event: 686.080 Thread 0x0000000018198000 6830       4       com.netflix.servo.tag.SmallTagMap$SmallTagIterator::next (5 bytes)
Event: 686.082 Thread 0x0000000018195800 nmethod 6825 0x00000000043ac010 code [0x00000000043ac160, 0x00000000043ac938]
Event: 686.082 Thread 0x0000000018195800 6836       4       java.lang.reflect.Field::hashCode (19 bytes)

GC Heap History (10 events):
Event: 44.851 GC heap after
Heap after GC invocations=12 (full 2):
 PSYoungGen      total 559616K, used 13304K [0x00000000d5580000, 0x00000000fa280000, 0x0000000100000000)
  eden space 546304K, 0% used [0x00000000d5580000,0x00000000d5580000,0x00000000f6b00000)
  from space 13312K, 99% used [0x00000000f9580000,0x00000000fa27e010,0x00000000fa280000)
  to   space 20992K, 0% used [0x00000000f7980000,0x00000000f7980000,0x00000000f8e00000)
 ParOldGen       total 77824K, used 33353K [0x0000000080000000, 0x0000000084c00000, 0x00000000d5580000)
  object space 77824K, 42% used [0x0000000080000000,0x0000000082092620,0x0000000084c00000)
 Metaspace       used 54119K, capacity 56740K, committed 57000K, reserved 1097728K
  class space    used 7306K, capacity 7761K, committed 7856K, reserved 1048576K
}
Event: 583.301 GC heap before
{Heap before GC invocations=13 (full 2):
 PSYoungGen      total 559616K, used 120505K [0x00000000d5580000, 0x00000000fa280000, 0x0000000100000000)
  eden space 546304K, 19% used [0x00000000d5580000,0x00000000dbe307c8,0x00000000f6b00000)
  from space 13312K, 99% used [0x00000000f9580000,0x00000000fa27e010,0x00000000fa280000)
  to   space 20992K, 0% used [0x00000000f7980000,0x00000000f7980000,0x00000000f8e00000)
 ParOldGen       total 77824K, used 33353K [0x0000000080000000, 0x0000000084c00000, 0x00000000d5580000)
  object space 77824K, 42% used [0x0000000080000000,0x0000000082092620,0x0000000084c00000)
 Metaspace       used 56085K, capacity 58772K, committed 59048K, reserved 1099776K
  class space    used 7538K, capacity 8030K, committed 8112K, reserved 1048576K
Event: 583.323 GC heap after
Heap after GC invocations=13 (full 2):
 PSYoungGen      total 548352K, used 1675K [0x00000000d5580000, 0x00000000f9600000, 0x0000000100000000)
  eden space 546304K, 0% used [0x00000000d5580000,0x00000000d5580000,0x00000000f6b00000)
  from space 2048K, 81% used [0x00000000f7980000,0x00000000f7b22c20,0x00000000f7b80000)
  to   space 20992K, 0% used [0x00000000f8180000,0x00000000f8180000,0x00000000f9600000)
 ParOldGen       total 77824K, used 46012K [0x0000000080000000, 0x0000000084c00000, 0x00000000d5580000)
  object space 77824K, 59% used [0x0000000080000000,0x0000000082cef0d8,0x0000000084c00000)
 Metaspace       used 56085K, capacity 58772K, committed 59048K, reserved 1099776K
  class space    used 7538K, capacity 8030K, committed 8112K, reserved 1048576K
}
Event: 583.323 GC heap before
{Heap before GC invocations=14 (full 3):
 PSYoungGen      total 548352K, used 1675K [0x00000000d5580000, 0x00000000f9600000, 0x0000000100000000)
  eden space 546304K, 0% used [0x00000000d5580000,0x00000000d5580000,0x00000000f6b00000)
  from space 2048K, 81% used [0x00000000f7980000,0x00000000f7b22c20,0x00000000f7b80000)
  to   space 20992K, 0% used [0x00000000f8180000,0x00000000f8180000,0x00000000f9600000)
 ParOldGen       total 77824K, used 46012K [0x0000000080000000, 0x0000000084c00000, 0x00000000d5580000)
  object space 77824K, 59% used [0x0000000080000000,0x0000000082cef0d8,0x0000000084c00000)
 Metaspace       used 56085K, capacity 58772K, committed 59048K, reserved 1099776K
  class space    used 7538K, capacity 8030K, committed 8112K, reserved 1048576K
Event: 583.488 GC heap after
Heap after GC invocations=14 (full 3):
 PSYoungGen      total 548352K, used 0K [0x00000000d5580000, 0x00000000f9600000, 0x0000000100000000)
  eden space 546304K, 0% used [0x00000000d5580000,0x00000000d5580000,0x00000000f6b00000)
  from space 2048K, 0% used [0x00000000f7980000,0x00000000f7980000,0x00000000f7b80000)
  to   space 20992K, 0% used [0x00000000f8180000,0x00000000f8180000,0x00000000f9600000)
 ParOldGen       total 77824K, used 32213K [0x0000000080000000, 0x0000000084c00000, 0x00000000d5580000)
  object space 77824K, 41% used [0x0000000080000000,0x0000000081f755c8,0x0000000084c00000)
 Metaspace       used 56085K, capacity 58772K, committed 59048K, reserved 1099776K
  class space    used 7538K, capacity 8030K, committed 8112K, reserved 1048576K
}
Event: 586.859 GC heap before
{Heap before GC invocations=15 (full 3):
 PSYoungGen      total 548352K, used 546304K [0x00000000d5580000, 0x00000000f9600000, 0x0000000100000000)
  eden space 546304K, 100% used [0x00000000d5580000,0x00000000f6b00000,0x00000000f6b00000)
  from space 2048K, 0% used [0x00000000f7980000,0x00000000f7980000,0x00000000f7b80000)
  to   space 20992K, 0% used [0x00000000f8180000,0x00000000f8180000,0x00000000f9600000)
 ParOldGen       total 77824K, used 32213K [0x0000000080000000, 0x0000000084c00000, 0x00000000d5580000)
  object space 77824K, 41% used [0x0000000080000000,0x0000000081f755c8,0x0000000084c00000)
 Metaspace       used 56183K, capacity 58964K, committed 59048K, reserved 1099776K
  class space    used 7545K, capacity 8039K, committed 8112K, reserved 1048576K
Event: 586.864 GC heap after
Heap after GC invocations=15 (full 3):
 PSYoungGen      total 569856K, used 4142K [0x00000000d5580000, 0x0000000100000000, 0x0000000100000000)
  eden space 548864K, 0% used [0x00000000d5580000,0x00000000d5580000,0x00000000f6d80000)
  from space 20992K, 19% used [0x00000000f8180000,0x00000000f858b9c0,0x00000000f9600000)
  to   space 20480K, 0% used [0x00000000f6d80000,0x00000000f6d80000,0x00000000f8180000)
 ParOldGen       total 77824K, used 32221K [0x0000000080000000, 0x0000000084c00000, 0x00000000d5580000)
  object space 77824K, 41% used [0x0000000080000000,0x0000000081f775c8,0x0000000084c00000)
 Metaspace       used 56183K, capacity 58964K, committed 59048K, reserved 1099776K
  class space    used 7545K, capacity 8039K, committed 8112K, reserved 1048576K
}
Event: 686.083 GC heap before
{Heap before GC invocations=16 (full 3):
 PSYoungGen      total 569856K, used 284726K [0x00000000d5580000, 0x0000000100000000, 0x0000000100000000)
  eden space 548864K, 51% used [0x00000000d5580000,0x00000000e67821e8,0x00000000f6d80000)
  from space 20992K, 19% used [0x00000000f8180000,0x00000000f858b9c0,0x00000000f9600000)
  to   space 20480K, 0% used [0x00000000f6d80000,0x00000000f6d80000,0x00000000f8180000)
 ParOldGen       total 77824K, used 32221K [0x0000000080000000, 0x0000000084c00000, 0x00000000d5580000)
  object space 77824K, 41% used [0x0000000080000000,0x0000000081f775c8,0x0000000084c00000)
 Metaspace       used 56997K, capacity 59822K, committed 60072K, reserved 1101824K
  class space    used 7570K, capacity 8094K, committed 8112K, reserved 1048576K
Event: 686.088 GC heap after
Heap after GC invocations=16 (full 3):
 PSYoungGen      total 569344K, used 3207K [0x00000000d5580000, 0x0000000100000000, 0x0000000100000000)
  eden space 548864K, 0% used [0x00000000d5580000,0x00000000d5580000,0x00000000f6d80000)
  from space 20480K, 15% used [0x00000000f6d80000,0x00000000f70a1dc0,0x00000000f8180000)
  to   space 19968K, 0% used [0x00000000fec80000,0x00000000fec80000,0x0000000100000000)
 ParOldGen       total 77824K, used 33621K [0x0000000080000000, 0x0000000084c00000, 0x00000000d5580000)
  object space 77824K, 43% used [0x0000000080000000,0x00000000820d55c8,0x0000000084c00000)
 Metaspace       used 56997K, capacity 59822K, committed 60072K, reserved 1101824K
  class space    used 7570K, capacity 8094K, committed 8112K, reserved 1048576K
}
Event: 686.088 GC heap before
{Heap before GC invocations=17 (full 4):
 PSYoungGen      total 569344K, used 3207K [0x00000000d5580000, 0x0000000100000000, 0x0000000100000000)
  eden space 548864K, 0% used [0x00000000d5580000,0x00000000d5580000,0x00000000f6d80000)
  from space 20480K, 15% used [0x00000000f6d80000,0x00000000f70a1dc0,0x00000000f8180000)
  to   space 19968K, 0% used [0x00000000fec80000,0x00000000fec80000,0x0000000100000000)
 ParOldGen       total 77824K, used 33621K [0x0000000080000000, 0x0000000084c00000, 0x00000000d5580000)
  object space 77824K, 43% used [0x0000000080000000,0x00000000820d55c8,0x0000000084c00000)
 Metaspace       used 56997K, capacity 59822K, committed 60072K, reserved 1101824K
  class space    used 7570K, capacity 8094K, committed 8112K, reserved 1048576K

Deoptimization events (10 events):
Event: 580.233 Thread 0x000000001fc40000 Uncommon trap: reason=unstable_if action=reinterpret pc=0x0000000003808218 method=java.lang.AbstractStringBuilder.append(Ljava/lang/String;)Ljava/lang/AbstractStringBuilder; @ 1
Event: 584.625 Thread 0x000000001fc39800 Uncommon trap: reason=unstable_if action=reinterpret pc=0x00000000044c8e6c method=org.springframework.beans.factory.support.AbstractBeanFactory.isSingleton(Ljava/lang/String;)Z @ 70
Event: 585.737 Thread 0x000000001fc39800 Uncommon trap: reason=class_check action=maybe_recompile pc=0x0000000003e82324 method=org.springframework.core.annotation.MergedAnnotationsCollection.find(Ljava/lang/Object;Ljava/util/function/Predicate;Lorg/springframework/core/annotation/MergedAnnotatio
Event: 587.226 Thread 0x000000001fc39800 Uncommon trap: reason=null_check action=make_not_entrant pc=0x0000000004708d60 method=java.lang.Class.privateGetMethodRecursive(Ljava/lang/String;[Ljava/lang/Class;ZLjava/lang/Class$MethodArray;)Ljava/lang/reflect/Method; @ 35
Event: 587.625 Thread 0x000000001fc39800 Uncommon trap: reason=class_check action=maybe_recompile pc=0x00000000044a5428 method=org.springframework.core.ResolvableType.resolveType()Lorg/springframework/core/ResolvableType; @ 45
Event: 587.769 Thread 0x000000001fc39800 Uncommon trap: reason=class_check action=maybe_recompile pc=0x00000000044a40a8 method=org.springframework.core.ResolvableType.resolveType()Lorg/springframework/core/ResolvableType; @ 131
Event: 587.857 Thread 0x000000001fc39800 Uncommon trap: reason=class_check action=maybe_recompile pc=0x00000000044a5428 method=org.springframework.core.ResolvableType.resolveType()Lorg/springframework/core/ResolvableType; @ 45
Event: 590.298 Thread 0x000000001fc39800 Uncommon trap: reason=class_check action=maybe_recompile pc=0x000000000429406c method=java.lang.reflect.Method.equals(Ljava/lang/Object;)Z @ 5
Event: 683.007 Thread 0x000000001d1bb000 Uncommon trap: reason=bimorphic action=maybe_recompile pc=0x0000000003afc4f0 method=java.util.Collections$SynchronizedCollection.add(Ljava/lang/Object;)Z @ 12
Event: 683.008 Thread 0x000000001d1bb000 Uncommon trap: reason=bimorphic action=maybe_recompile pc=0x0000000003afc4f0 method=java.util.Collections$SynchronizedCollection.add(Ljava/lang/Object;)Z @ 12

Classes redefined (0 events):
No events

Internal exceptions (10 events):
Event: 592.750 Thread 0x000000001fc39800 Exception <a 'java/lang/NoClassDefFoundError': javax/mail/MessagingException> (0x00000000e3627ff0) thrown at [C:\re\workspace\8-2-build-windows-amd64-cygwin\jdk8u212\12974\hotspot\src\share\vm\classfile\systemDictionary.cpp, line 199]
Event: 592.845 Thread 0x000000001fc35000 Exception <a 'java/net/SocketTimeoutException': Read timed out> (0x00000000e4234ad0) thrown at [C:\re\workspace\8-2-build-windows-amd64-cygwin\jdk8u212\12974\hotspot\src\share\vm\prims\jni.cpp, line 736]
Event: 622.807 Thread 0x000000001d1b6800 Exception <a 'java/net/SocketTimeoutException': Read timed out> (0x00000000e5ccb3a0) thrown at [C:\re\workspace\8-2-build-windows-amd64-cygwin\jdk8u212\12974\hotspot\src\share\vm\prims\jni.cpp, line 736]
Event: 652.819 Thread 0x000000001d1bf000 Exception <a 'java/net/SocketTimeoutException': Read timed out> (0x00000000e5ea76d8) thrown at [C:\re\workspace\8-2-build-windows-amd64-cygwin\jdk8u212\12974\hotspot\src\share\vm\prims\jni.cpp, line 736]
Event: 652.825 Thread 0x000000001d1b6800 Exception <a 'java/net/SocketTimeoutException': Read timed out> (0x00000000e5ce9950) thrown at [C:\re\workspace\8-2-build-windows-amd64-cygwin\jdk8u212\12974\hotspot\src\share\vm\prims\jni.cpp, line 736]
Event: 682.824 Thread 0x000000001d1bf000 Exception <a 'java/net/SocketTimeoutException': Read timed out> (0x00000000e5eb2438) thrown at [C:\re\workspace\8-2-build-windows-amd64-cygwin\jdk8u212\12974\hotspot\src\share\vm\prims\jni.cpp, line 736]
Event: 682.833 Thread 0x000000001d1b6800 Exception <a 'java/net/SocketTimeoutException': Read timed out> (0x00000000e5cfec18) thrown at [C:\re\workspace\8-2-build-windows-amd64-cygwin\jdk8u212\12974\hotspot\src\share\vm\prims\jni.cpp, line 736]
Event: 683.008 Thread 0x000000001fc35000 Exception <a 'java/net/SocketTimeoutException': Read timed out> (0x00000000e42442b0) thrown at [C:\re\workspace\8-2-build-windows-amd64-cygwin\jdk8u212\12974\hotspot\src\share\vm\prims\jni.cpp, line 736]
Event: 683.056 Thread 0x000000001fc33800 Exception <a 'java/lang/InterruptedException': sleep interrupted> (0x00000000e63ef4b0) thrown at [C:\re\workspace\8-2-build-windows-amd64-cygwin\jdk8u212\12974\hotspot\src\share\vm\prims\jvm.cpp, line 3336]
Event: 686.070 Thread 0x000000001d1bb000 Exception <a 'java/net/SocketTimeoutException': Read timed out> (0x00000000e629bb00) thrown at [C:\re\workspace\8-2-build-windows-amd64-cygwin\jdk8u212\12974\hotspot\src\share\vm\prims\jni.cpp, line 736]

Events (10 events):
Event: 686.080 Executing VM operation: RevokeBias done
Event: 686.080 Executing VM operation: RevokeBias
Event: 686.082 Executing VM operation: RevokeBias done
Event: 686.082 Thread 0x000000001819f000 flushing nmethod 0x00000000043b3e50
Event: 686.082 Thread 0x000000001819f000 flushing nmethod 0x00000000043b4b10
Event: 686.082 Thread 0x000000001819f000 flushing nmethod 0x00000000043b5510
Event: 686.082 Executing VM operation: RevokeBias
Event: 686.082 Executing VM operation: RevokeBias done
Event: 686.082 Thread 0x000000001819f000 flushing nmethod 0x000000000445f5d0
Event: 686.082 Executing VM operation: ParallelGCSystemGC


Dynamic libraries:
0x00007ff658190000 - 0x00007ff6581c7000 	C:\Program Files\Java\jdk1.8.0_212\bin\javaw.exe
0x00007ff9d2b50000 - 0x00007ff9d2d21000 	C:\Windows\SYSTEM32\ntdll.dll
0x00007ff9d1080000 - 0x00007ff9d112b000 	C:\Windows\System32\KERNEL32.DLL
0x00007ff9cf290000 - 0x00007ff9cf4ad000 	C:\Windows\System32\KERNELBASE.dll
0x00007ff9d0810000 - 0x00007ff9d08b2000 	C:\Windows\System32\ADVAPI32.dll
0x00007ff9d0e60000 - 0x00007ff9d0efe000 	C:\Windows\System32\msvcrt.dll
0x00007ff9d2990000 - 0x00007ff9d29e9000 	C:\Windows\System32\sechost.dll
0x00007ff9d0680000 - 0x00007ff9d07a1000 	C:\Windows\System32\RPCRT4.dll
0x00007ff9d08c0000 - 0x00007ff9d0a25000 	C:\Windows\System32\USER32.dll
0x00007ff9cf270000 - 0x00007ff9cf28e000 	C:\Windows\System32\win32u.dll
0x00007ff9d2660000 - 0x00007ff9d2694000 	C:\Windows\System32\GDI32.dll
0x00007ff9cf0e0000 - 0x00007ff9cf262000 	C:\Windows\System32\gdi32full.dll
0x00007ff9cc980000 - 0x00007ff9ccbf9000 	C:\Windows\WinSxS\amd64_microsoft.windows.common-controls_6595b64144ccf1df_6.0.14393.0_none_2d0f50fcbdb171b8\COMCTL32.dll
0x00007ff9d03b0000 - 0x00007ff9d0677000 	C:\Windows\System32\combase.dll
0x00007ff9cf4b0000 - 0x00007ff9cf5a5000 	C:\Windows\System32\ucrtbase.dll
0x00007ff9d0020000 - 0x00007ff9d008a000 	C:\Windows\System32\bcryptPrimitives.dll
0x00007ff9d2ac0000 - 0x00007ff9d2aee000 	C:\Windows\System32\IMM32.DLL
0x00007ff9cef30000 - 0x00007ff9cef8d000 	C:\Program Files\Citrix\System32\MfApHook64.dll
0x00007ff9ce430000 - 0x00007ff9ce45b000 	C:\Program Files\Citrix\ICAService\CtxDodHook64.dll
0x00007ff9cee50000 - 0x00007ff9cee82000 	C:\Program Files\Citrix\ICAService\picaFullScreenHookX64.dll
0x00007ff9ce9b0000 - 0x00007ff9ce9e6000 	C:\Program Files\Citrix\ICAService\ShellHook64.dll
0x00007ff9d2840000 - 0x00007ff9d2977000 	C:\Windows\System32\ole32.dll
0x00007ff9d1130000 - 0x00007ff9d2638000 	C:\Windows\System32\SHELL32.dll
0x00007ff9d0090000 - 0x00007ff9d00d2000 	C:\Windows\System32\cfgmgr32.dll
0x00007ff9cf890000 - 0x00007ff9cff6a000 	C:\Windows\System32\windows.storage.dll
0x00007ff9cf060000 - 0x00007ff9cf0ac000 	C:\Windows\System32\powrprof.dll
0x00007ff9d07b0000 - 0x00007ff9d0802000 	C:\Windows\System32\shlwapi.dll
0x00007ff9cf0b0000 - 0x00007ff9cf0bf000 	C:\Windows\System32\kernel.appcore.dll
0x00007ff9cf5b0000 - 0x00007ff9cf659000 	C:\Windows\System32\shcore.dll
0x00007ff9cf0c0000 - 0x00007ff9cf0d4000 	C:\Windows\System32\profapi.dll
0x00007ff9ce830000 - 0x00007ff9ce9aa000 	C:\Program Files\Citrix\ICAService\SCardHook64.dll
0x00007ff9ce530000 - 0x00007ff9ce55a000 	C:\Program Files\Citrix\ICAService\cxinjime64.dll
0x00007ff9ce4e0000 - 0x00007ff9ce52c000 	C:\Program Files\Citrix\ICAService\PicaWtsHook64.dll
0x0000000054150000 - 0x0000000054222000 	C:\Program Files\Java\jdk1.8.0_212\jre\bin\msvcr100.dll
0x00000000538a0000 - 0x0000000054145000 	C:\Program Files\Java\jdk1.8.0_212\jre\bin\server\jvm.dll
0x00007ff9d03a0000 - 0x00007ff9d03a8000 	C:\Windows\System32\PSAPI.DLL
0x00007ff9a9f30000 - 0x00007ff9a9f39000 	C:\Windows\SYSTEM32\WSOCK32.dll
0x00007ff9d2a50000 - 0x00007ff9d2aba000 	C:\Windows\System32\WS2_32.dll
0x00007ff9c98b0000 - 0x00007ff9c98d3000 	C:\Windows\SYSTEM32\WINMM.dll
0x00007ff9ced40000 - 0x00007ff9ced4a000 	C:\Windows\SYSTEM32\VERSION.dll
0x00007ff9c97e0000 - 0x00007ff9c980b000 	C:\Windows\SYSTEM32\WINMMBASE.dll
0x00007ff9cb5d0000 - 0x00007ff9cb5df000 	C:\Program Files\Java\jdk1.8.0_212\jre\bin\verify.dll
0x00007ff9bd570000 - 0x00007ff9bd599000 	C:\Program Files\Java\jdk1.8.0_212\jre\bin\java.dll
0x00007ff9c6600000 - 0x00007ff9c6616000 	C:\Program Files\Java\jdk1.8.0_212\jre\bin\zip.dll
0x00007ff9c6460000 - 0x00007ff9c647a000 	C:\Program Files\Java\jdk1.8.0_212\jre\bin\net.dll
0x00007ff9cb8a0000 - 0x00007ff9cba64000 	C:\Windows\SYSTEM32\urlmon.dll
0x00007ff9cb5f0000 - 0x00007ff9cb891000 	C:\Windows\SYSTEM32\iertutil.dll
0x00007ff9cdee0000 - 0x00007ff9cdf3c000 	C:\Windows\system32\mswsock.dll
0x00007ff9cdc80000 - 0x00007ff9cdcb8000 	C:\Windows\SYSTEM32\IPHLPAPI.DLL
0x00007ff9d2980000 - 0x00007ff9d2988000 	C:\Windows\System32\NSI.dll
0x00007ff9cbd00000 - 0x00007ff9cbd16000 	C:\Windows\SYSTEM32\dhcpcsvc6.DLL
0x00007ff9cbcc0000 - 0x00007ff9cbcda000 	C:\Windows\SYSTEM32\dhcpcsvc.DLL
0x00007ff9cdcc0000 - 0x00007ff9cdd60000 	C:\Windows\SYSTEM32\DNSAPI.dll
0x00007ff9caa70000 - 0x00007ff9caa7d000 	C:\Program Files\Java\jdk1.8.0_212\jre\bin\management.dll
0x00007ff9c68f0000 - 0x00007ff9c6906000 	C:\Windows\system32\napinsp.dll
0x00007ff9c6920000 - 0x00007ff9c693a000 	C:\Windows\system32\pnrpnsp.dll
0x00007ff9ca960000 - 0x00007ff9ca978000 	C:\Windows\system32\NLAapi.dll
0x00007ff9c6940000 - 0x00007ff9c694e000 	C:\Windows\System32\winrnr.dll
0x00007ff9c9570000 - 0x00007ff9c957a000 	C:\Windows\System32\rasadhlp.dll
0x00007ff9cbdf0000 - 0x00007ff9cbe5a000 	C:\Windows\System32\fwpuclnt.dll
0x00007ff9cefa0000 - 0x00007ff9cefcb000 	C:\Windows\SYSTEM32\bcrypt.dll
0x00007ff9bd550000 - 0x00007ff9bd562000 	C:\Program Files\Java\jdk1.8.0_212\jre\bin\nio.dll
0x00007ff9ce080000 - 0x00007ff9ce097000 	C:\Windows\SYSTEM32\CRYPTSP.dll
0x00007ff9cdb10000 - 0x00007ff9cdb43000 	C:\Windows\system32\rsaenh.dll
0x00007ff9cdd60000 - 0x00007ff9cdd7f000 	C:\Windows\SYSTEM32\USERENV.dll
0x00007ff9ce0a0000 - 0x00007ff9ce0ab000 	C:\Windows\SYSTEM32\CRYPTBASE.dll
0x00007ff9bd360000 - 0x00007ff9bd384000 	C:\Program Files\Java\jdk1.8.0_212\jre\bin\sunec.dll
0x00007ff9c2a10000 - 0x00007ff9c2ba2000 	C:\Windows\SYSTEM32\dbghelp.dll

VM Arguments:
jvm_args: -Dfile.encoding=UTF-8 
java_command: com.mentorondemand.routing.RoutingApplication
java_class_path (initial): D:\MentorOnDemandServices\MentorOnDemandServcies\routing\target\classes;C:\Users\ltiuserjf15\.m2\repository\org\springframework\cloud\spring-cloud-starter-gateway\2.2.3.RELEASE\spring-cloud-starter-gateway-2.2.3.RELEASE.jar;C:\Users\ltiuserjf15\.m2\repository\org\springframework\cloud\spring-cloud-starter\2.2.3.RELEASE\spring-cloud-starter-2.2.3.RELEASE.jar;C:\Users\ltiuserjf15\.m2\repository\org\springframework\cloud\spring-cloud-context\2.2.3.RELEASE\spring-cloud-context-2.2.3.RELEASE.jar;C:\Users\ltiuserjf15\.m2\repository\org\springframework\security\spring-security-crypto\5.3.3.RELEASE\spring-security-crypto-5.3.3.RELEASE.jar;C:\Users\ltiuserjf15\.m2\repository\org\springframework\cloud\spring-cloud-commons\2.2.3.RELEASE\spring-cloud-commons-2.2.3.RELEASE.jar;C:\Users\ltiuserjf15\.m2\repository\org\springframework\security\spring-security-rsa\1.0.9.RELEASE\spring-security-rsa-1.0.9.RELEASE.jar;C:\Users\ltiuserjf15\.m2\repository\org\bouncycastle\bcpkix-jdk15on\1.64\bcpkix-jdk15on-1.64.jar;C:\Users\ltiuserjf15\.m2\repository\org\bouncycastle\bcprov-jdk15on\1.64\bcprov-jdk15on-1.64.jar;C:\Users\ltiuserjf15\.m2\repository\org\springframework\cloud\spring-cloud-gateway-core\2.2.3.RELEASE\spring-cloud-gateway-core-2.2.3.RELEASE.jar;C:\Users\ltiuserjf15\.m2\repository\org\springframework\boot\spring-boot-starter-validation\2.3.1.RELEASE\spring-boot-starter-validation-2.3.1.RELEASE.jar;C:\Users\ltiuserjf15\.m2\repository\org\glassfish\jakarta.el\3.0.3\jakarta.el-3.0.3.jar;C:\Users\ltiuserjf15\.m2\repository\org\hibernate\validator\hibernate-validator\6.1.5.Final\hibernate-validator-6.1.5.Final.jar;C:\Users\ltiuserjf15\.m2\repository\jakarta\validation\jakarta.validation-api\2.0.2\jakarta.validation-api-2.0.2.jar;C:\Users\ltiuserjf15\.m2\repository\org\jboss\logging\jboss-logging\3.4.1.Final\jboss-logging-3.4.1.Final.jar;C:\Users\ltiuserjf15\.m2\repository\com\fasterxml\classmate\1.5.1\classmate-1.5.1.jar;C:\Users\ltiuserjf15\.m2\repository
Launcher Type: SUN_STANDARD

Environment Variables:
PATH=C:/Program Files/Java/jre1.8.0_212/bin/server;C:/Program Files/Java/jre1.8.0_212/bin;C:/Program Files/Java/jre1.8.0_212/lib/amd64;C:\ProgramData\DockerDesktop\version-bin;C:\Program Files\Docker\Docker\Resources\bin;C:\Program Files (x86)\Common Files\Oracle\Java\javapath;C:\Program Files (x86)\Common Files\Oracle\Java\javapath\C:\apache-maven-3.6.3-bin\apache-maven-3.6.3\bin;C:\Windows\system32;C:\Windows;C:\Windows\System32\Wbem;C:\Windows\System32\WindowsPowerShell\v1.0\;C:\Program Files\Citrix\System32\;C:\Program Files\Citrix\ICAService\;C:\Program Files\Citrix\Virtual Desktop Agent\;C:\Fuse\apache-maven-3.6.2-bin\apache-maven-3.6.2\bin;C:\Program Files\Java\jdk-11.0.6\bin;C:\Fuse\apache-maven-3.6.2-bin\apache-maven-3.6.2\bin;C:\Program Files\Java\jdk1.8.0_201\bin;C:\Program Files\Java\jre1.8.0_201\bin;C:\Program Files\PuTTY\;C:\Program Files\Microsoft VS Code\bin;C:\Program Files\nodejs\;C:\Program Files\Git\cmd;C:\Program Files (x86)\git-cola\bin;C:\Program Files (x86)\git-cola\bin;C:\Program Files\dotnet\;C:\Program Files\Microsoft SQL Server\130\Tools\Binn\;C:\Program Files\Microsoft SQL Server\Client SDK\ODBC\170\Tools\Binn\;C:\Program Files (x86)\Microsoft SQL Server\130\Tools\Binn\;C:\Program Files (x86)\Microsoft SQL Server\130\DTS\Binn\;C:\Program Files\Microsoft SQL Server\130\DTS\Binn\;C:\Program Files\Microsoft SQL Server\Client SDK\ODBC\130\Tools\Binn\;C:\Program Files (x86)\Microsoft SQL Server\150\DTS\Binn\;C:\Users\ltiuserjf15\AppData\Local\Microsoft\WindowsApps;;D:\JAVA FSD\spring-tool-suite-3.9.8.RELEASE-e4.11.0-win32-x86_64\sts-bundle\sts-3.9.8.RELEASE;
USERNAME=ltiuserjf15
OS=Windows_NT
PROCESSOR_IDENTIFIER=Intel64 Family 6 Model 85 Stepping 4, GenuineIntel



---------------  S Y S T E M  ---------------

OS: Windows 10.0 , 64 bit Build 14393 (10.0.14393.0)

CPU:total 4 (initial active 4) (2 cores per cpu, 1 threads per core) family 6 model 85 stepping 4, cmov, cx8, fxsr, mmx, sse, sse2, sse3, ssse3, sse4.1, sse4.2, popcnt, avx, avx2, aes, clmul, erms, rtm, 3dnowpref, lzcnt, tsc, tscinvbit, bmi1, bmi2, adx

Memory: 4k page, physical 8388080k(438288k free), swap 15890152k(2303604k free)

vm_info: Java HotSpot(TM) 64-Bit Server VM (25.212-b10) for windows-amd64 JRE (1.8.0_212-b10), built on Apr  1 2019 22:50:23 by "java_re" with MS VC++ 10.0 (VS2010)

time: Thu Jul 23 17:50:01 2020
timezone: India Standard Time
elapsed time: 686 seconds (0d 0h 11m 26s)

